{"/Users/ngundobin/Downloads/express-bookstore/app.js": {"path":"/Users/ngundobin/Downloads/express-bookstore/app.js","statementMap":{"0":{"start":{"line":4,"column":16},"end":{"line":4,"column":34}},"1":{"start":{"line":5,"column":12},"end":{"line":5,"column":21}},"2":{"start":{"line":7,"column":0},"end":{"line":7,"column":24}},"3":{"start":{"line":9,"column":21},"end":{"line":9,"column":46}},"4":{"start":{"line":10,"column":19},"end":{"line":10,"column":44}},"5":{"start":{"line":12,"column":0},"end":{"line":12,"column":30}},"6":{"start":{"line":16,"column":0},"end":{"line":19,"column":3}},"7":{"start":{"line":17,"column":14},"end":{"line":17,"column":48}},"8":{"start":{"line":18,"column":2},"end":{"line":18,"column":19}},"9":{"start":{"line":24,"column":0},"end":{"line":31,"column":3}},"10":{"start":{"line":25,"column":2},"end":{"line":25,"column":32}},"11":{"start":{"line":27,"column":2},"end":{"line":30,"column":5}},"12":{"start":{"line":34,"column":0},"end":{"line":34,"column":21}}},"fnMap":{"0":{"name":"(anonymous_0)","decl":{"start":{"line":16,"column":8},"end":{"line":16,"column":9}},"loc":{"start":{"line":16,"column":34},"end":{"line":19,"column":1}},"line":16},"1":{"name":"(anonymous_1)","decl":{"start":{"line":24,"column":8},"end":{"line":24,"column":9}},"loc":{"start":{"line":24,"column":38},"end":{"line":31,"column":1}},"line":24}},"branchMap":{"0":{"loc":{"start":{"line":25,"column":13},"end":{"line":25,"column":30}},"type":"binary-expr","locations":[{"start":{"line":25,"column":13},"end":{"line":25,"column":23}},{"start":{"line":25,"column":27},"end":{"line":25,"column":30}}],"line":25}},"s":{"0":1,"1":1,"2":1,"3":1,"4":1,"5":1,"6":1,"7":0,"8":0,"9":1,"10":0,"11":0,"12":1},"f":{"0":0,"1":0},"b":{"0":[0,0]},"_coverageSchema":"1a1c01bbd47fc00a2c39e90264f33305004495a9","hash":"735e4cc8b0b3babc105ab438085285758dc5c12b"}
,"/Users/ngundobin/Downloads/express-bookstore/config.js": {"path":"/Users/ngundobin/Downloads/express-bookstore/config.js","statementMap":{"0":{"start":{"line":4,"column":13},"end":{"line":4,"column":28}},"1":{"start":{"line":6,"column":0},"end":{"line":10,"column":1}},"2":{"start":{"line":7,"column":2},"end":{"line":7,"column":34}},"3":{"start":{"line":9,"column":2},"end":{"line":9,"column":57}},"4":{"start":{"line":13,"column":0},"end":{"line":13,"column":28}}},"fnMap":{},"branchMap":{"0":{"loc":{"start":{"line":6,"column":0},"end":{"line":10,"column":1}},"type":"if","locations":[{"start":{"line":6,"column":0},"end":{"line":10,"column":1}},{"start":{"line":6,"column":0},"end":{"line":10,"column":1}}],"line":6},"1":{"loc":{"start":{"line":9,"column":11},"end":{"line":9,"column":56}},"type":"binary-expr","locations":[{"start":{"line":9,"column":11},"end":{"line":9,"column":35}},{"start":{"line":9,"column":39},"end":{"line":9,"column":56}}],"line":9}},"s":{"0":1,"1":1,"2":1,"3":0,"4":1},"f":{},"b":{"0":[1,0],"1":[0,0]},"_coverageSchema":"1a1c01bbd47fc00a2c39e90264f33305004495a9","hash":"a17e7e1f599cf8b95afc2cc4d3cd38ce15cacaf0"}
,"/Users/ngundobin/Downloads/express-bookstore/db.js": {"path":"/Users/ngundobin/Downloads/express-bookstore/db.js","statementMap":{"0":{"start":{"line":4,"column":19},"end":{"line":4,"column":32}},"1":{"start":{"line":5,"column":17},"end":{"line":5,"column":36}},"2":{"start":{"line":7,"column":9},"end":{"line":9,"column":2}},"3":{"start":{"line":11,"column":0},"end":{"line":11,"column":13}},"4":{"start":{"line":14,"column":0},"end":{"line":14,"column":20}}},"fnMap":{},"branchMap":{},"s":{"0":1,"1":1,"2":1,"3":1,"4":1},"f":{},"b":{},"_coverageSchema":"1a1c01bbd47fc00a2c39e90264f33305004495a9","hash":"e0c1d64d684a69b3077edefd3e89517f3af1402e"}
,"/Users/ngundobin/Downloads/express-bookstore/expressError.js": {"path":"/Users/ngundobin/Downloads/express-bookstore/expressError.js","statementMap":{"0":{"start":{"line":9,"column":4},"end":{"line":9,"column":12}},"1":{"start":{"line":10,"column":4},"end":{"line":10,"column":27}},"2":{"start":{"line":11,"column":4},"end":{"line":11,"column":25}},"3":{"start":{"line":12,"column":4},"end":{"line":12,"column":30}},"4":{"start":{"line":17,"column":0},"end":{"line":17,"column":30}}},"fnMap":{"0":{"name":"(anonymous_0)","decl":{"start":{"line":8,"column":2},"end":{"line":8,"column":3}},"loc":{"start":{"line":8,"column":31},"end":{"line":13,"column":3}},"line":8}},"branchMap":{},"s":{"0":0,"1":0,"2":0,"3":0,"4":1},"f":{"0":0},"b":{},"_coverageSchema":"1a1c01bbd47fc00a2c39e90264f33305004495a9","hash":"05758323b7860c19899af59e7a121c4f841cab6f"}
,"/Users/ngundobin/Downloads/express-bookstore/models/book.js": {"path":"/Users/ngundobin/Downloads/express-bookstore/models/book.js","statementMap":{"0":{"start":{"line":1,"column":11},"end":{"line":1,"column":27}},"1":{"start":{"line":14,"column":20},"end":{"line":24,"column":37}},"2":{"start":{"line":26,"column":4},"end":{"line":28,"column":5}},"3":{"start":{"line":27,"column":6},"end":{"line":27,"column":78}},"4":{"start":{"line":30,"column":4},"end":{"line":30,"column":27}},"5":{"start":{"line":41,"column":21},"end":{"line":51,"column":28}},"6":{"start":{"line":53,"column":4},"end":{"line":53,"column":25}},"7":{"start":{"line":65,"column":19},"end":{"line":94,"column":5}},"8":{"start":{"line":96,"column":4},"end":{"line":96,"column":26}},"9":{"start":{"line":108,"column":19},"end":{"line":136,"column":5}},"10":{"start":{"line":138,"column":4},"end":{"line":140,"column":5}},"11":{"start":{"line":139,"column":6},"end":{"line":139,"column":78}},"12":{"start":{"line":142,"column":4},"end":{"line":142,"column":26}},"13":{"start":{"line":148,"column":19},"end":{"line":152,"column":15}},"14":{"start":{"line":154,"column":4},"end":{"line":156,"column":5}},"15":{"start":{"line":155,"column":6},"end":{"line":155,"column":78}},"16":{"start":{"line":161,"column":0},"end":{"line":161,"column":22}}},"fnMap":{"0":{"name":"(anonymous_0)","decl":{"start":{"line":13,"column":2},"end":{"line":13,"column":3}},"loc":{"start":{"line":13,"column":29},"end":{"line":31,"column":3}},"line":13},"1":{"name":"(anonymous_1)","decl":{"start":{"line":40,"column":2},"end":{"line":40,"column":3}},"loc":{"start":{"line":40,"column":25},"end":{"line":54,"column":3}},"line":40},"2":{"name":"(anonymous_2)","decl":{"start":{"line":64,"column":2},"end":{"line":64,"column":3}},"loc":{"start":{"line":64,"column":28},"end":{"line":97,"column":3}},"line":64},"3":{"name":"(anonymous_3)","decl":{"start":{"line":107,"column":2},"end":{"line":107,"column":3}},"loc":{"start":{"line":107,"column":34},"end":{"line":143,"column":3}},"line":107},"4":{"name":"(anonymous_4)","decl":{"start":{"line":147,"column":2},"end":{"line":147,"column":3}},"loc":{"start":{"line":147,"column":28},"end":{"line":157,"column":3}},"line":147}},"branchMap":{"0":{"loc":{"start":{"line":26,"column":4},"end":{"line":28,"column":5}},"type":"if","locations":[{"start":{"line":26,"column":4},"end":{"line":28,"column":5}},{"start":{"line":26,"column":4},"end":{"line":28,"column":5}}],"line":26},"1":{"loc":{"start":{"line":138,"column":4},"end":{"line":140,"column":5}},"type":"if","locations":[{"start":{"line":138,"column":4},"end":{"line":140,"column":5}},{"start":{"line":138,"column":4},"end":{"line":140,"column":5}}],"line":138},"2":{"loc":{"start":{"line":154,"column":4},"end":{"line":156,"column":5}},"type":"if","locations":[{"start":{"line":154,"column":4},"end":{"line":156,"column":5}},{"start":{"line":154,"column":4},"end":{"line":156,"column":5}}],"line":154}},"s":{"0":1,"1":0,"2":0,"3":0,"4":0,"5":1,"6":1,"7":1,"8":1,"9":0,"10":0,"11":0,"12":0,"13":0,"14":0,"15":0,"16":1},"f":{"0":0,"1":1,"2":1,"3":0,"4":0},"b":{"0":[0,0],"1":[0,0],"2":[0,0]},"_coverageSchema":"1a1c01bbd47fc00a2c39e90264f33305004495a9","hash":"feb62c48db1fa39f122c4b765e759e2354e64724"}
,"/Users/ngundobin/Downloads/express-bookstore/routes/books.js": {"path":"/Users/ngundobin/Downloads/express-bookstore/routes/books.js","statementMap":{"0":{"start":{"line":1,"column":16},"end":{"line":1,"column":34}},"1":{"start":{"line":2,"column":19},"end":{"line":2,"column":40}},"2":{"start":{"line":4,"column":13},"end":{"line":4,"column":38}},"3":{"start":{"line":5,"column":19},"end":{"line":5,"column":56}},"4":{"start":{"line":6,"column":21},"end":{"line":6,"column":47}},"5":{"start":{"line":8,"column":15},"end":{"line":8,"column":35}},"6":{"start":{"line":12,"column":0},"end":{"line":19,"column":3}},"7":{"start":{"line":13,"column":1},"end":{"line":18,"column":2}},"8":{"start":{"line":14,"column":16},"end":{"line":14,"column":45}},"9":{"start":{"line":15,"column":2},"end":{"line":15,"column":29}},"10":{"start":{"line":17,"column":2},"end":{"line":17,"column":19}},"11":{"start":{"line":23,"column":0},"end":{"line":30,"column":3}},"12":{"start":{"line":24,"column":1},"end":{"line":29,"column":2}},"13":{"start":{"line":25,"column":15},"end":{"line":25,"column":48}},"14":{"start":{"line":26,"column":2},"end":{"line":26,"column":28}},"15":{"start":{"line":28,"column":2},"end":{"line":28,"column":19}},"16":{"start":{"line":34,"column":0},"end":{"line":47,"column":3}},"17":{"start":{"line":35,"column":1},"end":{"line":46,"column":2}},"18":{"start":{"line":36,"column":17},"end":{"line":36,"column":58}},"19":{"start":{"line":37,"column":2},"end":{"line":41,"column":3}},"20":{"start":{"line":38,"column":24},"end":{"line":38,"column":65}},"21":{"start":{"line":38,"column":53},"end":{"line":38,"column":64}},"22":{"start":{"line":39,"column":17},"end":{"line":39,"column":52}},"23":{"start":{"line":40,"column":3},"end":{"line":40,"column":22}},"24":{"start":{"line":42,"column":15},"end":{"line":42,"column":42}},"25":{"start":{"line":43,"column":2},"end":{"line":43,"column":40}},"26":{"start":{"line":45,"column":2},"end":{"line":45,"column":19}},"27":{"start":{"line":51,"column":0},"end":{"line":58,"column":3}},"28":{"start":{"line":52,"column":1},"end":{"line":57,"column":2}},"29":{"start":{"line":53,"column":15},"end":{"line":53,"column":59}},"30":{"start":{"line":54,"column":2},"end":{"line":54,"column":28}},"31":{"start":{"line":56,"column":2},"end":{"line":56,"column":19}},"32":{"start":{"line":62,"column":0},"end":{"line":69,"column":3}},"33":{"start":{"line":63,"column":1},"end":{"line":68,"column":2}},"34":{"start":{"line":64,"column":2},"end":{"line":64,"column":37}},"35":{"start":{"line":65,"column":2},"end":{"line":65,"column":47}},"36":{"start":{"line":67,"column":2},"end":{"line":67,"column":19}},"37":{"start":{"line":71,"column":0},"end":{"line":71,"column":24}}},"fnMap":{"0":{"name":"(anonymous_0)","decl":{"start":{"line":12,"column":16},"end":{"line":12,"column":17}},"loc":{"start":{"line":12,"column":48},"end":{"line":19,"column":1}},"line":12},"1":{"name":"(anonymous_1)","decl":{"start":{"line":23,"column":19},"end":{"line":23,"column":20}},"loc":{"start":{"line":23,"column":51},"end":{"line":30,"column":1}},"line":23},"2":{"name":"(anonymous_2)","decl":{"start":{"line":34,"column":17},"end":{"line":34,"column":18}},"loc":{"start":{"line":34,"column":49},"end":{"line":47,"column":1}},"line":34},"3":{"name":"(anonymous_3)","decl":{"start":{"line":38,"column":42},"end":{"line":38,"column":43}},"loc":{"start":{"line":38,"column":53},"end":{"line":38,"column":64}},"line":38},"4":{"name":"(anonymous_4)","decl":{"start":{"line":51,"column":21},"end":{"line":51,"column":22}},"loc":{"start":{"line":51,"column":53},"end":{"line":58,"column":1}},"line":51},"5":{"name":"(anonymous_5)","decl":{"start":{"line":62,"column":24},"end":{"line":62,"column":25}},"loc":{"start":{"line":62,"column":56},"end":{"line":69,"column":1}},"line":62}},"branchMap":{"0":{"loc":{"start":{"line":37,"column":2},"end":{"line":41,"column":3}},"type":"if","locations":[{"start":{"line":37,"column":2},"end":{"line":41,"column":3}},{"start":{"line":37,"column":2},"end":{"line":41,"column":3}}],"line":37}},"s":{"0":1,"1":1,"2":1,"3":1,"4":1,"5":1,"6":1,"7":1,"8":1,"9":1,"10":0,"11":1,"12":0,"13":0,"14":0,"15":0,"16":1,"17":0,"18":0,"19":0,"20":0,"21":0,"22":0,"23":0,"24":0,"25":0,"26":0,"27":1,"28":0,"29":0,"30":0,"31":0,"32":1,"33":0,"34":0,"35":0,"36":0,"37":1},"f":{"0":1,"1":0,"2":0,"3":0,"4":0,"5":0},"b":{"0":[0,0]},"_coverageSchema":"1a1c01bbd47fc00a2c39e90264f33305004495a9","hash":"536b0a524f11d5fcba9df94b0344407cbfb95cd9"}
}
