TN:
SF:app.js
FN:16,(anonymous_0)
FN:24,(anonymous_1)
FNF:2
FNH:0
FNDA:0,(anonymous_0)
FNDA:0,(anonymous_1)
DA:4,1
DA:5,1
DA:7,1
DA:9,1
DA:10,1
DA:12,1
DA:16,1
DA:17,0
DA:18,0
DA:24,1
DA:25,0
DA:27,0
DA:34,1
LF:13
LH:9
BRDA:25,0,0,0
BRDA:25,0,1,0
BRF:2
BRH:0
end_of_record
TN:
SF:config.js
FNF:0
FNH:0
DA:4,1
DA:6,1
DA:7,1
DA:9,0
DA:13,1
LF:5
LH:4
BRDA:6,0,0,1
BRDA:6,0,1,0
BRDA:9,1,0,0
BRDA:9,1,1,0
BRF:4
BRH:1
end_of_record
TN:
SF:db.js
FNF:0
FNH:0
DA:4,1
DA:5,1
DA:7,1
DA:11,1
DA:14,1
LF:5
LH:5
BRF:0
BRH:0
end_of_record
TN:
SF:expressError.js
FN:8,(anonymous_0)
FNF:1
FNH:0
FNDA:0,(anonymous_0)
DA:9,0
DA:10,0
DA:11,0
DA:12,0
DA:17,1
LF:5
LH:1
BRF:0
BRH:0
end_of_record
TN:
SF:models/book.js
FN:13,(anonymous_0)
FN:40,(anonymous_1)
FN:64,(anonymous_2)
FN:107,(anonymous_3)
FN:147,(anonymous_4)
FNF:5
FNH:2
FNDA:0,(anonymous_0)
FNDA:1,(anonymous_1)
FNDA:1,(anonymous_2)
FNDA:0,(anonymous_3)
FNDA:0,(anonymous_4)
DA:1,1
DA:14,0
DA:26,0
DA:27,0
DA:30,0
DA:41,1
DA:53,1
DA:65,1
DA:96,1
DA:108,0
DA:138,0
DA:139,0
DA:142,0
DA:148,0
DA:154,0
DA:155,0
DA:161,1
LF:17
LH:6
BRDA:26,0,0,0
BRDA:26,0,1,0
BRDA:138,1,0,0
BRDA:138,1,1,0
BRDA:154,2,0,0
BRDA:154,2,1,0
BRF:6
BRH:0
end_of_record
TN:
SF:routes/books.js
FN:12,(anonymous_0)
FN:23,(anonymous_1)
FN:34,(anonymous_2)
FN:38,(anonymous_3)
FN:51,(anonymous_4)
FN:62,(anonymous_5)
FNF:6
FNH:1
FNDA:1,(anonymous_0)
FNDA:0,(anonymous_1)
FNDA:0,(anonymous_2)
FNDA:0,(anonymous_3)
FNDA:0,(anonymous_4)
FNDA:0,(anonymous_5)
DA:1,1
DA:2,1
DA:4,1
DA:5,1
DA:6,1
DA:8,1
DA:12,1
DA:13,1
DA:14,1
DA:15,1
DA:17,0
DA:23,1
DA:24,0
DA:25,0
DA:26,0
DA:28,0
DA:34,1
DA:35,0
DA:36,0
DA:37,0
DA:38,0
DA:39,0
DA:40,0
DA:42,0
DA:43,0
DA:45,0
DA:51,1
DA:52,0
DA:53,0
DA:54,0
DA:56,0
DA:62,1
DA:63,0
DA:64,0
DA:65,0
DA:67,0
DA:71,1
LF:37
LH:15
BRDA:37,0,0,0
BRDA:37,0,1,0
BRF:2
BRH:0
end_of_record
